<?xml version="1.0" encoding="UTF-8"?>
<!-- Generated by org.testng.reporters.JUnitReportReporter -->
<testsuite hostname="DESKTOP-CPTQR7C" failures="0" tests="1" name="APIAutomation.PetAPI" time="7.626" errors="0" timestamp="2021-08-03T03:41:03 AEST" skipped="0">
  <testcase classname="APIAutomation.PetAPI" name="pet" time="7.626"/>
  <system-out/>
</testsuite> <!-- APIAutomation.PetAPI -->
